TN:
SF:src\components\List.tsx
FN:38,get
FN:3,List
FN:7,handleGetPost
FNF:3
FNH:3
FNDA:3,get
FNDA:5,List
FNDA:2,handleGetPost
DA:1,1
DA:2,1
DA:3,1
DA:4,5
DA:5,5
DA:6,5
DA:7,5
DA:8,2
DA:9,2
DA:10,2
DA:11,0
DA:12,0
DA:13,0
DA:14,2
DA:15,2
DA:16,2
DA:17,2
DA:18,2
DA:19,5
DA:20,5
DA:21,5
DA:22,5
DA:23,5
DA:24,5
DA:25,5
DA:26,5
DA:27,5
DA:28,0
DA:29,5
DA:30,5
DA:31,5
DA:32,5
DA:33,5
DA:34,5
DA:35,5
DA:36,5
DA:37,1
DA:38,1
LF:38
LH:34
BRDA:38,0,0,3
BRDA:3,1,0,5
BRDA:20,2,0,0
BRDA:7,3,0,2
BRDA:11,4,0,0
BRF:5
BRH:3
end_of_record
